This file contains any messages produced by compilers while
running configure, to aid debugging if configure makes a mistake.

It was created by libclamavc++ configure devel, which was
generated by GNU Autoconf 2.69.  Invocation command line was

  $ ./configure --disable-option-checking --prefix=/usr/local --enable-llvm --enable-ltdl-convenience --cache-file=/dev/null --srcdir=.

## --------- ##
## Platform. ##
## --------- ##

hostname = ubuntu
uname -m = i686
uname -r = 2.6.38-8-generic
uname -s = Linux
uname -v = #42-Ubuntu SMP Mon Apr 11 03:31:50 UTC 2011

/usr/bin/uname -p = unknown
/bin/uname -X     = unknown

/bin/arch              = unknown
/usr/bin/arch -k       = unknown
/usr/convex/getsysinfo = unknown
/usr/bin/hostinfo      = unknown
/bin/machine           = unknown
/usr/bin/oslevel       = unknown
/bin/universe          = unknown

PATH: /usr/local/sbin
PATH: /usr/local/bin
PATH: /usr/sbin
PATH: /usr/bin
PATH: /sbin
PATH: /bin
PATH: /usr/games


## ----------- ##
## Core tests. ##
## ----------- ##

configure:2368: checking build system type
configure:2382: result: i686-pc-linux-gnu
configure:2402: checking host system type
configure:2415: result: i686-pc-linux-gnu
configure:2435: checking target system type
configure:2448: result: i686-pc-linux-gnu
configure:2490: checking for a BSD-compatible install
configure:2558: result: /usr/bin/install -c
configure:2569: checking whether build environment is sane
configure:2619: result: yes
configure:2760: checking for a thread-safe mkdir -p
configure:2799: result: /bin/mkdir -p
configure:2812: checking for gawk
configure:2842: result: no
configure:2812: checking for mawk
configure:2828: found /usr/bin/mawk
configure:2839: result: mawk
configure:2850: checking whether make sets $(MAKE)
configure:2872: result: yes
configure:2938: checking how to create a pax tar archive
configure:2951: tar --version
tar (GNU tar) 1.25
Copyright (C) 2010 Free Software Foundation, Inc.
License GPLv3+: GNU GPL version 3 or later <http://gnu.org/licenses/gpl.html>.
This is free software: you are free to change and redistribute it.
There is NO WARRANTY, to the extent permitted by law.

Written by John Gilmore and Jay Fenlason.
configure:2954: $? = 0
configure:2994: tardir=conftest.dir && eval tar --format=posix -chf - "$tardir" >conftest.tar
configure:2997: $? = 0
configure:3001: tar -xf - <conftest.tar
configure:3004: $? = 0
configure:3017: result: gnutar
configure:3035: checking whether make supports nested variables
configure:3052: result: yes
configure:3123: checking for g++
configure:3139: found /usr/bin/g++
configure:3150: result: g++
configure:3177: checking for C++ compiler version
configure:3186: g++ --version >&5
g++ (Ubuntu/Linaro 4.5.2-8ubuntu4) 4.5.2
Copyright (C) 2010 Free Software Foundation, Inc.
This is free software; see the source for copying conditions.  There is NO
warranty; not even for MERCHANTABILITY or FITNESS FOR A PARTICULAR PURPOSE.

configure:3197: $? = 0
configure:3186: g++ -v >&5
Using built-in specs.
COLLECT_GCC=g++
COLLECT_LTO_WRAPPER=/usr/lib/i386-linux-gnu/gcc/i686-linux-gnu/4.5.2/lto-wrapper
Target: i686-linux-gnu
Configured with: ../src/configure -v --with-pkgversion='Ubuntu/Linaro 4.5.2-8ubuntu4' --with-bugurl=file:///usr/share/doc/gcc-4.5/README.Bugs --enable-languages=c,c++,fortran,objc,obj-c++ --prefix=/usr --program-suffix=-4.5 --enable-shared --enable-multiarch --with-multiarch-defaults=i386-linux-gnu --enable-linker-build-id --with-system-zlib --libexecdir=/usr/lib/i386-linux-gnu --without-included-gettext --enable-threads=posix --with-gxx-include-dir=/usr/include/c++/4.5 --libdir=/usr/lib/i386-linux-gnu --enable-nls --with-sysroot=/ --enable-clocale=gnu --enable-libstdcxx-debug --enable-libstdcxx-time=yes --enable-plugin --enable-gold --enable-ld=default --with-plugin-ld=ld.gold --enable-objc-gc --enable-targets=all --disable-werror --with-arch-32=i686 --with-tune=generic --enable-checking=release --build=i686-linux-gnu --host=i686-linux-gnu --target=i686-linux-gnu
Thread model: posix
gcc version 4.5.2 (Ubuntu/Linaro 4.5.2-8ubuntu4) 
configure:3197: $? = 0
configure:3186: g++ -V >&5
g++: '-V' option must have argument
configure:3197: $? = 1
configure:3186: g++ -qversion >&5
g++: unrecognized option '-qversion'
g++: no input files
configure:3197: $? = 1
configure:3217: checking whether the C++ compiler works
configure:3239: g++    conftest.cpp  >&5
configure:3243: $? = 0
configure:3291: result: yes
configure:3294: checking for C++ compiler default output file name
configure:3296: result: a.out
configure:3302: checking for suffix of executables
configure:3309: g++ -o conftest    conftest.cpp  >&5
configure:3313: $? = 0
configure:3335: result: 
configure:3357: checking whether we are cross compiling
configure:3365: g++ -o conftest    conftest.cpp  >&5
configure:3369: $? = 0
configure:3376: ./conftest
configure:3380: $? = 0
configure:3395: result: no
configure:3400: checking for suffix of object files
configure:3422: g++ -c   conftest.cpp >&5
configure:3426: $? = 0
configure:3447: result: o
configure:3451: checking whether we are using the GNU C++ compiler
configure:3470: g++ -c   conftest.cpp >&5
configure:3470: $? = 0
configure:3479: result: yes
configure:3488: checking whether g++ accepts -g
configure:3508: g++ -c -g  conftest.cpp >&5
configure:3508: $? = 0
configure:3549: result: yes
configure:3583: checking for style of include used by make
configure:3611: result: GNU
configure:3637: checking dependency style of g++
configure:3748: result: gcc3
configure:3811: checking for gcc
configure:3827: found /usr/bin/gcc
configure:3838: result: gcc
configure:4067: checking for C compiler version
configure:4076: gcc --version >&5
gcc (Ubuntu/Linaro 4.5.2-8ubuntu4) 4.5.2
Copyright (C) 2010 Free Software Foundation, Inc.
This is free software; see the source for copying conditions.  There is NO
warranty; not even for MERCHANTABILITY or FITNESS FOR A PARTICULAR PURPOSE.

configure:4087: $? = 0
configure:4076: gcc -v >&5
Using built-in specs.
COLLECT_GCC=gcc
COLLECT_LTO_WRAPPER=/usr/lib/i386-linux-gnu/gcc/i686-linux-gnu/4.5.2/lto-wrapper
Target: i686-linux-gnu
Configured with: ../src/configure -v --with-pkgversion='Ubuntu/Linaro 4.5.2-8ubuntu4' --with-bugurl=file:///usr/share/doc/gcc-4.5/README.Bugs --enable-languages=c,c++,fortran,objc,obj-c++ --prefix=/usr --program-suffix=-4.5 --enable-shared --enable-multiarch --with-multiarch-defaults=i386-linux-gnu --enable-linker-build-id --with-system-zlib --libexecdir=/usr/lib/i386-linux-gnu --without-included-gettext --enable-threads=posix --with-gxx-include-dir=/usr/include/c++/4.5 --libdir=/usr/lib/i386-linux-gnu --enable-nls --with-sysroot=/ --enable-clocale=gnu --enable-libstdcxx-debug --enable-libstdcxx-time=yes --enable-plugin --enable-gold --enable-ld=default --with-plugin-ld=ld.gold --enable-objc-gc --enable-targets=all --disable-werror --with-arch-32=i686 --with-tune=generic --enable-checking=release --build=i686-linux-gnu --host=i686-linux-gnu --target=i686-linux-gnu
Thread model: posix
gcc version 4.5.2 (Ubuntu/Linaro 4.5.2-8ubuntu4) 
configure:4087: $? = 0
configure:4076: gcc -V >&5
gcc: '-V' option must have argument
configure:4087: $? = 1
configure:4076: gcc -qversion >&5
gcc: unrecognized option '-qversion'
gcc: no input files
configure:4087: $? = 1
configure:4091: checking whether we are using the GNU C compiler
configure:4110: gcc -c   conftest.c >&5
configure:4110: $? = 0
configure:4119: result: yes
configure:4128: checking whether gcc accepts -g
configure:4148: gcc -c -g  conftest.c >&5
configure:4148: $? = 0
configure:4189: result: yes
configure:4206: checking for gcc option to accept ISO C89
configure:4269: gcc  -c -g -O2  conftest.c >&5
configure:4269: $? = 0
configure:4282: result: none needed
configure:4304: checking dependency style of gcc
configure:4415: result: gcc3
configure:4436: checking how to run the C preprocessor
configure:4467: gcc -E  conftest.c
configure:4467: $? = 0
configure:4481: gcc -E  conftest.c
conftest.c:9:28: fatal error: ac_nonexistent.h: No such file or directory
compilation terminated.
configure:4481: $? = 1
configure: failed program was:
| /* confdefs.h */
| #define PACKAGE_NAME "libclamavc++"
| #define PACKAGE_TARNAME "libclamavc--"
| #define PACKAGE_VERSION "devel"
| #define PACKAGE_STRING "libclamavc++ devel"
| #define PACKAGE_BUGREPORT "http://bugs.clamav.net"
| #define PACKAGE_URL ""
| /* end confdefs.h.  */
| #include <ac_nonexistent.h>
configure:4506: result: gcc -E
configure:4526: gcc -E  conftest.c
configure:4526: $? = 0
configure:4540: gcc -E  conftest.c
conftest.c:9:28: fatal error: ac_nonexistent.h: No such file or directory
compilation terminated.
configure:4540: $? = 1
configure: failed program was:
| /* confdefs.h */
| #define PACKAGE_NAME "libclamavc++"
| #define PACKAGE_TARNAME "libclamavc--"
| #define PACKAGE_VERSION "devel"
| #define PACKAGE_STRING "libclamavc++ devel"
| #define PACKAGE_BUGREPORT "http://bugs.clamav.net"
| #define PACKAGE_URL ""
| /* end confdefs.h.  */
| #include <ac_nonexistent.h>
configure:4569: checking for grep that handles long lines and -e
configure:4627: result: /bin/grep
configure:4632: checking for egrep
configure:4694: result: /bin/grep -E
configure:4699: checking for ANSI C header files
configure:4719: gcc -c -g -O2  conftest.c >&5
configure:4719: $? = 0
configure:4792: gcc -o conftest -g -O2   conftest.c  >&5
configure:4792: $? = 0
configure:4792: ./conftest
configure:4792: $? = 0
configure:4803: result: yes
configure:4816: checking for sys/types.h
configure:4816: gcc -c -g -O2  conftest.c >&5
configure:4816: $? = 0
configure:4816: result: yes
configure:4816: checking for sys/stat.h
configure:4816: gcc -c -g -O2  conftest.c >&5
configure:4816: $? = 0
configure:4816: result: yes
configure:4816: checking for stdlib.h
configure:4816: gcc -c -g -O2  conftest.c >&5
configure:4816: $? = 0
configure:4816: result: yes
configure:4816: checking for string.h
configure:4816: gcc -c -g -O2  conftest.c >&5
configure:4816: $? = 0
configure:4816: result: yes
configure:4816: checking for memory.h
configure:4816: gcc -c -g -O2  conftest.c >&5
configure:4816: $? = 0
configure:4816: result: yes
configure:4816: checking for strings.h
configure:4816: gcc -c -g -O2  conftest.c >&5
configure:4816: $? = 0
configure:4816: result: yes
configure:4816: checking for inttypes.h
configure:4816: gcc -c -g -O2  conftest.c >&5
configure:4816: $? = 0
configure:4816: result: yes
configure:4816: checking for stdint.h
configure:4816: gcc -c -g -O2  conftest.c >&5
configure:4816: $? = 0
configure:4816: result: yes
configure:4816: checking for unistd.h
configure:4816: gcc -c -g -O2  conftest.c >&5
configure:4816: $? = 0
configure:4816: result: yes
configure:4828: checking whether byte ordering is bigendian
configure:4843: gcc -c -g -O2  conftest.c >&5
conftest.c:20:13: error: expected '=', ',', ';', 'asm' or '__attribute__' before 'a'
configure:4843: $? = 1
configure: failed program was:
| /* confdefs.h */
| #define PACKAGE_NAME "libclamavc++"
| #define PACKAGE_TARNAME "libclamavc--"
| #define PACKAGE_VERSION "devel"
| #define PACKAGE_STRING "libclamavc++ devel"
| #define PACKAGE_BUGREPORT "http://bugs.clamav.net"
| #define PACKAGE_URL ""
| #define STDC_HEADERS 1
| #define HAVE_SYS_TYPES_H 1
| #define HAVE_SYS_STAT_H 1
| #define HAVE_STDLIB_H 1
| #define HAVE_STRING_H 1
| #define HAVE_MEMORY_H 1
| #define HAVE_STRINGS_H 1
| #define HAVE_INTTYPES_H 1
| #define HAVE_STDINT_H 1
| #define HAVE_UNISTD_H 1
| /* end confdefs.h.  */
| #ifndef __APPLE_CC__
| 	       not a universal capable compiler
| 	     #endif
| 	     typedef int dummy;
| 
configure:4888: gcc -c -g -O2  conftest.c >&5
configure:4888: $? = 0
configure:4906: gcc -c -g -O2  conftest.c >&5
conftest.c: In function 'main':
conftest.c:26:4: error: 'not' undeclared (first use in this function)
conftest.c:26:4: note: each undeclared identifier is reported only once for each function it appears in
conftest.c:26:8: error: expected ';' before 'big'
configure:4906: $? = 1
configure: failed program was:
| /* confdefs.h */
| #define PACKAGE_NAME "libclamavc++"
| #define PACKAGE_TARNAME "libclamavc--"
| #define PACKAGE_VERSION "devel"
| #define PACKAGE_STRING "libclamavc++ devel"
| #define PACKAGE_BUGREPORT "http://bugs.clamav.net"
| #define PACKAGE_URL ""
| #define STDC_HEADERS 1
| #define HAVE_SYS_TYPES_H 1
| #define HAVE_SYS_STAT_H 1
| #define HAVE_STDLIB_H 1
| #define HAVE_STRING_H 1
| #define HAVE_MEMORY_H 1
| #define HAVE_STRINGS_H 1
| #define HAVE_INTTYPES_H 1
| #define HAVE_STDINT_H 1
| #define HAVE_UNISTD_H 1
| /* end confdefs.h.  */
| #include <sys/types.h>
| 		#include <sys/param.h>
| 
| int
| main ()
| {
| #if BYTE_ORDER != BIG_ENDIAN
| 		 not big endian
| 		#endif
| 
|   ;
|   return 0;
| }
configure:5034: result: no
configure:5066: checking whether to enable maintainer-specific portions of Makefiles
configure:5075: result: no
configure:5134: checking how to print strings
configure:5161: result: printf
configure:5182: checking for a sed that does not truncate output
configure:5246: result: /bin/sed
configure:5264: checking for fgrep
configure:5326: result: /bin/grep -F
configure:5361: checking for ld used by gcc
configure:5428: result: /usr/bin/ld
configure:5435: checking if the linker (/usr/bin/ld) is GNU ld
configure:5450: result: yes
configure:5462: checking for BSD- or MS-compatible name lister (nm)
configure:5511: result: /usr/bin/nm -B
configure:5641: checking the name lister (/usr/bin/nm -B) interface
configure:5648: gcc -c -g -O2  conftest.c >&5
configure:5651: /usr/bin/nm -B "conftest.o"
configure:5654: output
00000000 B some_variable
configure:5661: result: BSD nm
configure:5664: checking whether ln -s works
configure:5668: result: yes
configure:5676: checking the maximum length of command line arguments
configure:5806: result: 1572864
configure:5823: checking whether the shell understands some XSI constructs
configure:5833: result: yes
configure:5837: checking whether the shell understands "+="
configure:5843: result: yes
configure:5878: checking how to convert i686-pc-linux-gnu file names to i686-pc-linux-gnu format
configure:5918: result: func_convert_file_noop
configure:5925: checking how to convert i686-pc-linux-gnu file names to toolchain format
configure:5945: result: func_convert_file_noop
configure:5952: checking for /usr/bin/ld option to reload object files
configure:5959: result: -r
configure:6033: checking for objdump
configure:6049: found /usr/bin/objdump
configure:6060: result: objdump
configure:6092: checking how to recognize dependent libraries
configure:6294: result: pass_all
configure:6379: checking for dlltool
configure:6409: result: no
configure:6439: checking how to associate runtime and link libraries
configure:6466: result: printf %s\n
configure:6526: checking for ar
configure:6542: found /usr/bin/ar
configure:6553: result: ar
configure:6590: checking for archiver @FILE support
configure:6607: gcc -c -g -O2  conftest.c >&5
configure:6607: $? = 0
configure:6610: ar cru libconftest.a @conftest.lst >&5
configure:6613: $? = 0
configure:6618: ar cru libconftest.a @conftest.lst >&5
ar: conftest.o: No such file or directory
configure:6621: $? = 1
configure:6633: result: @
configure:6691: checking for strip
configure:6707: found /usr/bin/strip
configure:6718: result: strip
configure:6790: checking for ranlib
configure:6806: found /usr/bin/ranlib
configure:6817: result: ranlib
configure:6919: checking command to parse /usr/bin/nm -B output from gcc object
configure:7039: gcc -c -g -O2  conftest.c >&5
configure:7042: $? = 0
configure:7046: /usr/bin/nm -B conftest.o \| sed -n -e 's/^.*[ ]\([ABCDGIRSTW][ABCDGIRSTW]*\)[ ][ ]*\([_A-Za-z][_A-Za-z0-9]*\)$/\1 \2 \2/p' | sed '/ __gnu_lto/d' \> conftest.nm
configure:7049: $? = 0
configure:7115: gcc -o conftest -g -O2   conftest.c conftstm.o >&5
configure:7118: $? = 0
configure:7156: result: ok
configure:7193: checking for sysroot
configure:7223: result: no
configure:7479: checking for mt
configure:7495: found /bin/mt
configure:7506: result: mt
configure:7529: checking if mt is a manifest tool
configure:7535: mt '-?'
configure:7543: result: no
configure:8182: checking for dlfcn.h
configure:8182: gcc -c -g -O2  conftest.c >&5
configure:8182: $? = 0
configure:8182: result: yes
configure:8398: checking for objdir
configure:8413: result: .libs
configure:8684: checking if gcc supports -fno-rtti -fno-exceptions
configure:8702: gcc -c -g -O2  -fno-rtti -fno-exceptions conftest.c >&5
cc1: warning: command line option "-fno-rtti" is valid for C++/ObjC++ but not for C
configure:8706: $? = 0
configure:8719: result: no
configure:9046: checking for gcc option to produce PIC
configure:9053: result: -fPIC -DPIC
configure:9061: checking if gcc PIC flag -fPIC -DPIC works
configure:9079: gcc -c -g -O2  -fPIC -DPIC -DPIC conftest.c >&5
configure:9083: $? = 0
configure:9096: result: yes
configure:9125: checking if gcc static flag -static works
configure:9153: result: yes
configure:9168: checking if gcc supports -c -o file.o
configure:9189: gcc -c -g -O2  -o out/conftest2.o conftest.c >&5
configure:9193: $? = 0
configure:9215: result: yes
configure:9223: checking if gcc supports -c -o file.o
configure:9270: result: yes
configure:9303: checking whether the gcc linker (/usr/bin/ld) supports shared libraries
configure:10460: result: yes
configure:10497: checking whether -lc should be explicitly linked in
configure:10505: gcc -c -g -O2  conftest.c >&5
configure:10508: $? = 0
configure:10523: gcc -shared  -fPIC -DPIC conftest.o  -v -Wl,-soname -Wl,conftest -o conftest 2\>\&1 \| /bin/grep  -lc  \>/dev/null 2\>\&1
configure:10526: $? = 0
configure:10540: result: no
configure:10700: checking dynamic linker characteristics
configure:11211: gcc -o conftest -g -O2   -Wl,-rpath -Wl,/foo conftest.c  >&5
configure:11211: $? = 0
configure:11445: result: GNU/Linux ld.so
configure:11552: checking how to hardcode library paths into programs
configure:11577: result: immediate
configure:12117: checking whether stripping libraries is possible
configure:12122: result: yes
configure:12157: checking if libtool supports shared libraries
configure:12159: result: yes
configure:12162: checking whether to build shared libraries
configure:12183: result: yes
configure:12186: checking whether to build static libraries
configure:12190: result: no
configure:12213: checking how to run the C++ preprocessor
configure:12240: g++ -E  conftest.cpp
configure:12240: $? = 0
configure:12254: g++ -E  conftest.cpp
conftest.cpp:21:28: fatal error: ac_nonexistent.h: No such file or directory
compilation terminated.
configure:12254: $? = 1
configure: failed program was:
| /* confdefs.h */
| #define PACKAGE_NAME "libclamavc++"
| #define PACKAGE_TARNAME "libclamavc--"
| #define PACKAGE_VERSION "devel"
| #define PACKAGE_STRING "libclamavc++ devel"
| #define PACKAGE_BUGREPORT "http://bugs.clamav.net"
| #define PACKAGE_URL ""
| #define STDC_HEADERS 1
| #define HAVE_SYS_TYPES_H 1
| #define HAVE_SYS_STAT_H 1
| #define HAVE_STDLIB_H 1
| #define HAVE_STRING_H 1
| #define HAVE_MEMORY_H 1
| #define HAVE_STRINGS_H 1
| #define HAVE_INTTYPES_H 1
| #define HAVE_STDINT_H 1
| #define HAVE_UNISTD_H 1
| #define HAVE_DLFCN_H 1
| #define LT_OBJDIR ".libs/"
| /* end confdefs.h.  */
| #include <ac_nonexistent.h>
configure:12279: result: g++ -E
configure:12299: g++ -E  conftest.cpp
configure:12299: $? = 0
configure:12313: g++ -E  conftest.cpp
conftest.cpp:21:28: fatal error: ac_nonexistent.h: No such file or directory
compilation terminated.
configure:12313: $? = 1
configure: failed program was:
| /* confdefs.h */
| #define PACKAGE_NAME "libclamavc++"
| #define PACKAGE_TARNAME "libclamavc--"
| #define PACKAGE_VERSION "devel"
| #define PACKAGE_STRING "libclamavc++ devel"
| #define PACKAGE_BUGREPORT "http://bugs.clamav.net"
| #define PACKAGE_URL ""
| #define STDC_HEADERS 1
| #define HAVE_SYS_TYPES_H 1
| #define HAVE_SYS_STAT_H 1
| #define HAVE_STDLIB_H 1
| #define HAVE_STRING_H 1
| #define HAVE_MEMORY_H 1
| #define HAVE_STRINGS_H 1
| #define HAVE_INTTYPES_H 1
| #define HAVE_STDINT_H 1
| #define HAVE_UNISTD_H 1
| #define HAVE_DLFCN_H 1
| #define LT_OBJDIR ".libs/"
| /* end confdefs.h.  */
| #include <ac_nonexistent.h>
configure:12482: checking for ld used by g++
configure:12549: result: /usr/bin/ld
configure:12556: checking if the linker (/usr/bin/ld) is GNU ld
configure:12571: result: yes
configure:12626: checking whether the g++ linker (/usr/bin/ld) supports shared libraries
configure:13631: result: yes
configure:13667: g++ -c -O2  conftest.cpp >&5
configure:13670: $? = 0
configure:14190: checking for g++ option to produce PIC
configure:14197: result: -fPIC -DPIC
configure:14205: checking if g++ PIC flag -fPIC -DPIC works
configure:14223: g++ -c -O2  -fPIC -DPIC -DPIC conftest.cpp >&5
configure:14227: $? = 0
configure:14240: result: yes
configure:14263: checking if g++ static flag -static works
configure:14291: result: yes
configure:14303: checking if g++ supports -c -o file.o
configure:14324: g++ -c -O2  -o out/conftest2.o conftest.cpp >&5
configure:14328: $? = 0
configure:14350: result: yes
configure:14355: checking if g++ supports -c -o file.o
configure:14402: result: yes
configure:14432: checking whether the g++ linker (/usr/bin/ld) supports shared libraries
configure:14471: result: yes
configure:14612: checking dynamic linker characteristics
configure:15291: result: GNU/Linux ld.so
configure:15344: checking how to hardcode library paths into programs
configure:15369: result: immediate
configure:15434: checking for GNU make
configure:15449: result: make
configure:15591: checking for working libstdc++
configure:15637: g++ -o conftest -O2   conftest.cpp  >&5
configure:15637: $? = 0
configure:15637: ./conftest
configure:15637: $? = 0
configure:15638: result: yes
configure:15697: Building X86 backend: yes
configure:15699: Building PPC backend: no
configure:15718: checking optional compiler flags
configure:15724: result: -Wno-variadic-macros -Wno-missing-field-initializers
configure:15905: creating ./config.status

## ---------------------- ##
## Running config.status. ##
## ---------------------- ##

This file was extended by libclamavc++ config.status devel, which was
generated by GNU Autoconf 2.69.  Invocation command line was

  CONFIG_FILES    = 
  CONFIG_HEADERS  = 
  CONFIG_LINKS    = 
  CONFIG_COMMANDS = 
  $ ./config.status 

on ubuntu

config.status:1168: creating Makefile
config.status:1168: creating clamavcxx-config.h
config.status:1349: clamavcxx-config.h is unchanged
config.status:1397: executing depfiles commands
config.status:1397: executing libtool commands
configure:18462: === configuring in llvm (/home/user/clamav-devel-master/libclamav/c++/llvm)
configure:18525: running /bin/bash ./configure --disable-option-checking '--prefix=/usr/local'  '--enable-llvm' '--enable-ltdl-convenience' '--enable-optimized' 'llvm_cv_gnu_make_command=make' '--enable-targets=host-only' '--enable-bindings=none' '--enable-libffi=no' '--without-llvmgcc' '--without-llvmgxx' --cache-file=/dev/null --srcdir=.

## ---------------- ##
## Cache variables. ##
## ---------------- ##

ac_cv_build=i686-pc-linux-gnu
ac_cv_c_bigendian=no
ac_cv_c_compiler_gnu=yes
ac_cv_cxx_compiler_gnu=yes
ac_cv_env_CCC_set=
ac_cv_env_CCC_value=
ac_cv_env_CC_set=
ac_cv_env_CC_value=
ac_cv_env_CFLAGS_set=
ac_cv_env_CFLAGS_value=
ac_cv_env_CPPFLAGS_set=
ac_cv_env_CPPFLAGS_value=
ac_cv_env_CPP_set=
ac_cv_env_CPP_value=
ac_cv_env_CXXCPP_set=
ac_cv_env_CXXCPP_value=
ac_cv_env_CXXFLAGS_set=
ac_cv_env_CXXFLAGS_value=
ac_cv_env_CXX_set=
ac_cv_env_CXX_value=
ac_cv_env_LDFLAGS_set=
ac_cv_env_LDFLAGS_value=
ac_cv_env_LIBS_set=
ac_cv_env_LIBS_value=
ac_cv_env_build_alias_set=
ac_cv_env_build_alias_value=
ac_cv_env_host_alias_set=
ac_cv_env_host_alias_value=
ac_cv_env_target_alias_set=
ac_cv_env_target_alias_value=
ac_cv_header_dlfcn_h=yes
ac_cv_header_inttypes_h=yes
ac_cv_header_memory_h=yes
ac_cv_header_stdc=yes
ac_cv_header_stdint_h=yes
ac_cv_header_stdlib_h=yes
ac_cv_header_string_h=yes
ac_cv_header_strings_h=yes
ac_cv_header_sys_stat_h=yes
ac_cv_header_sys_types_h=yes
ac_cv_header_unistd_h=yes
ac_cv_host=i686-pc-linux-gnu
ac_cv_objext=o
ac_cv_path_EGREP='/bin/grep -E'
ac_cv_path_FGREP='/bin/grep -F'
ac_cv_path_GREP=/bin/grep
ac_cv_path_SED=/bin/sed
ac_cv_path_install='/usr/bin/install -c'
ac_cv_path_mkdir=/bin/mkdir
ac_cv_prog_AWK=mawk
ac_cv_prog_CPP='gcc -E'
ac_cv_prog_CXXCPP='g++ -E'
ac_cv_prog_ac_ct_AR=ar
ac_cv_prog_ac_ct_CC=gcc
ac_cv_prog_ac_ct_CXX=g++
ac_cv_prog_ac_ct_MANIFEST_TOOL=mt
ac_cv_prog_ac_ct_OBJDUMP=objdump
ac_cv_prog_ac_ct_RANLIB=ranlib
ac_cv_prog_ac_ct_STRIP=strip
ac_cv_prog_cc_c89=
ac_cv_prog_cc_g=yes
ac_cv_prog_cxx_g=yes
ac_cv_prog_make_make_set=yes
ac_cv_target=i686-pc-linux-gnu
am_cv_CC_dependencies_compiler_type=gcc3
am_cv_CXX_dependencies_compiler_type=gcc3
am_cv_make_support_nested_variables=yes
am_cv_prog_tar_pax=gnutar
llvm_cv_gnu_make_command=make
lt_cv_ar_at_file=@
lt_cv_archive_cmds_need_lc=no
lt_cv_deplibs_check_method=pass_all
lt_cv_file_magic_cmd='$MAGIC_CMD'
lt_cv_file_magic_test_file=
lt_cv_ld_reload_flag=-r
lt_cv_nm_interface='BSD nm'
lt_cv_objdir=.libs
lt_cv_path_LD=/usr/bin/ld
lt_cv_path_LDCXX=/usr/bin/ld
lt_cv_path_NM='/usr/bin/nm -B'
lt_cv_path_mainfest_tool=no
lt_cv_prog_compiler_c_o=yes
lt_cv_prog_compiler_c_o_CXX=yes
lt_cv_prog_compiler_pic='-fPIC -DPIC'
lt_cv_prog_compiler_pic_CXX='-fPIC -DPIC'
lt_cv_prog_compiler_pic_works=yes
lt_cv_prog_compiler_pic_works_CXX=yes
lt_cv_prog_compiler_rtti_exceptions=no
lt_cv_prog_compiler_static_works=yes
lt_cv_prog_compiler_static_works_CXX=yes
lt_cv_prog_gnu_ld=yes
lt_cv_prog_gnu_ldcxx=yes
lt_cv_sharedlib_from_linklib_cmd='printf %s\n'
lt_cv_shlibpath_overrides_runpath=no
lt_cv_sys_global_symbol_pipe='sed -n -e '\''s/^.*[	 ]\([ABCDGIRSTW][ABCDGIRSTW]*\)[	 ][	 ]*\([_A-Za-z][_A-Za-z0-9]*\)$/\1 \2 \2/p'\'' | sed '\''/ __gnu_lto/d'\'''
lt_cv_sys_global_symbol_to_c_name_address='sed -n -e '\''s/^: \([^ ]*\)[ ]*$/  {\"\1\", (void *) 0},/p'\'' -e '\''s/^[ABCDGIRSTW]* \([^ ]*\) \([^ ]*\)$/  {"\2", (void *) \&\2},/p'\'''
lt_cv_sys_global_symbol_to_c_name_address_lib_prefix='sed -n -e '\''s/^: \([^ ]*\)[ ]*$/  {\"\1\", (void *) 0},/p'\'' -e '\''s/^[ABCDGIRSTW]* \([^ ]*\) \(lib[^ ]*\)$/  {"\2", (void *) \&\2},/p'\'' -e '\''s/^[ABCDGIRSTW]* \([^ ]*\) \([^ ]*\)$/  {"lib\2", (void *) \&\2},/p'\'''
lt_cv_sys_global_symbol_to_cdecl='sed -n -e '\''s/^T .* \(.*\)$/extern int \1();/p'\'' -e '\''s/^[ABCDGIRSTW]* .* \(.*\)$/extern char \1;/p'\'''
lt_cv_sys_max_cmd_len=1572864
lt_cv_to_host_file_cmd=func_convert_file_noop
lt_cv_to_tool_file_cmd=func_convert_file_noop

## ----------------- ##
## Output variables. ##
## ----------------- ##

ACLOCAL='${SHELL} /home/user/clamav-devel-master/libclamav/c++/config/missing --run aclocal-1.11'
AMDEPBACKSLASH='\'
AMDEP_FALSE='#'
AMDEP_TRUE=''
AMTAR='$${TAR-tar}'
AM_BACKSLASH='\'
AM_DEFAULT_V='$(AM_DEFAULT_VERBOSITY)'
AM_DEFAULT_VERBOSITY='0'
AM_V='$(V)'
AR='ar'
AUTOCONF='${SHELL} /home/user/clamav-devel-master/libclamav/c++/config/missing --run autoconf'
AUTOHEADER='${SHELL} /home/user/clamav-devel-master/libclamav/c++/config/missing --run autoheader'
AUTOMAKE='${SHELL} /home/user/clamav-devel-master/libclamav/c++/config/missing --run automake-1.11'
AWK='mawk'
BUILD_EXTERNAL_LLVM_FALSE=''
BUILD_EXTERNAL_LLVM_TRUE='#'
BUILD_LLVM3_FALSE=''
BUILD_LLVM3_TRUE='#'
BUILD_PPC_FALSE=''
BUILD_PPC_TRUE='#'
BUILD_X86_FALSE='#'
BUILD_X86_TRUE=''
CC='gcc'
CCDEPMODE='depmode=gcc3'
CFLAGS='-g -O2'
CPP='gcc -E'
CPPFLAGS=''
CXX='g++'
CXXCPP='g++ -E'
CXXDEPMODE='depmode=gcc3'
CXXFLAGS='-O2'
CYGPATH_W='echo'
DEBUG_BUILD_FALSE=''
DEBUG_BUILD_TRUE='#'
DEFS='-DHAVE_CONFIG_H'
DEPDIR='.deps'
DLLTOOL='false'
DSYMUTIL=''
DUMPBIN=''
ECHO_C=''
ECHO_N='-n'
ECHO_T=''
EGREP='/bin/grep -E'
EXEEXT=''
FGREP='/bin/grep -F'
GMAKE='make'
GREP='/bin/grep'
INSTALL_DATA='${INSTALL} -m 644'
INSTALL_PROGRAM='${INSTALL}'
INSTALL_SCRIPT='${INSTALL}'
INSTALL_STRIP_PROGRAM='$(install_sh) -c -s'
LD='/usr/bin/ld'
LDFLAGS=''
LIBOBJS=''
LIBS=''
LIBTOOL='$(SHELL) $(top_builddir)/libtool'
LIPO=''
LLVMCONFIG_CXXFLAGS=''
LLVMCONFIG_LDFLAGS=''
LLVMCONFIG_LIBFILES=''
LLVMCONFIG_LIBS=''
LN_S='ln -s'
LTLIBOBJS=''
MAINT='#'
MAINTAINER_MODE_FALSE=''
MAINTAINER_MODE_TRUE='#'
MAKEINFO='${SHELL} /home/user/clamav-devel-master/libclamav/c++/config/missing --run makeinfo'
MANIFEST_TOOL=':'
MKDIR_P='/bin/mkdir -p'
NM='/usr/bin/nm -B'
NMEDIT=''
NO_MISSING_FIELD_INITIALIZERS='-Wno-missing-field-initializers'
NO_VARIADIC_MACROS='-Wno-variadic-macros'
OBJDUMP='objdump'
OBJEXT='o'
OTOOL64=''
OTOOL=''
PACKAGE='libclamavc--'
PACKAGE_BUGREPORT='http://bugs.clamav.net'
PACKAGE_NAME='libclamavc++'
PACKAGE_STRING='libclamavc++ devel'
PACKAGE_TARNAME='libclamavc--'
PACKAGE_URL=''
PACKAGE_VERSION='devel'
PATH_SEPARATOR=':'
RANLIB='ranlib'
SED='/bin/sed'
SET_MAKE=''
SHELL='/bin/bash'
STRIP='strip'
THREAD_LIBS='-pthread'
VERSION='devel'
ac_ct_AR='ar'
ac_ct_CC='gcc'
ac_ct_CXX='g++'
ac_ct_DUMPBIN=''
am__EXEEXT_FALSE=''
am__EXEEXT_TRUE='#'
am__fastdepCC_FALSE='#'
am__fastdepCC_TRUE=''
am__fastdepCXX_FALSE='#'
am__fastdepCXX_TRUE=''
am__include='include'
am__isrc=''
am__leading_dot='.'
am__nodep='_no'
am__quote=''
am__tar='tar --format=posix -chf - "$$tardir"'
am__untar='tar -xf -'
bindir='${exec_prefix}/bin'
build='i686-pc-linux-gnu'
build_alias=''
build_cpu='i686'
build_os='linux-gnu'
build_vendor='pc'
datadir='${datarootdir}'
datarootdir='${prefix}/share'
docdir='${datarootdir}/doc/${PACKAGE_TARNAME}'
dvidir='${docdir}'
exec_prefix='${prefix}'
host='i686-pc-linux-gnu'
host_alias=''
host_cpu='i686'
host_os='linux-gnu'
host_vendor='pc'
htmldir='${docdir}'
ifGNUmake=''
includedir='${prefix}/include'
infodir='${datarootdir}/info'
install_sh='${SHELL} /home/user/clamav-devel-master/libclamav/c++/config/install-sh'
libdir='${exec_prefix}/lib'
libexecdir='${exec_prefix}/libexec'
localedir='${datarootdir}/locale'
localstatedir='${prefix}/var'
mandir='${datarootdir}/man'
mkdir_p='/bin/mkdir -p'
oldincludedir='/usr/include'
pdfdir='${docdir}'
prefix='/usr/local'
program_transform_name='s,x,x,'
psdir='${docdir}'
sbindir='${exec_prefix}/sbin'
sharedstatedir='${prefix}/com'
subdirs=' llvm'
sysconfdir='${prefix}/etc'
target='i686-pc-linux-gnu'
target_alias=''
target_cpu='i686'
target_os='linux-gnu'
target_vendor='pc'

## ----------- ##
## confdefs.h. ##
## ----------- ##

/* confdefs.h */
#define PACKAGE_NAME "libclamavc++"
#define PACKAGE_TARNAME "libclamavc--"
#define PACKAGE_VERSION "devel"
#define PACKAGE_STRING "libclamavc++ devel"
#define PACKAGE_BUGREPORT "http://bugs.clamav.net"
#define PACKAGE_URL ""
#define STDC_HEADERS 1
#define HAVE_SYS_TYPES_H 1
#define HAVE_SYS_STAT_H 1
#define HAVE_STDLIB_H 1
#define HAVE_STRING_H 1
#define HAVE_MEMORY_H 1
#define HAVE_STRINGS_H 1
#define HAVE_INTTYPES_H 1
#define HAVE_STDINT_H 1
#define HAVE_UNISTD_H 1
#define HAVE_DLFCN_H 1
#define LT_OBJDIR ".libs/"

configure: exit 0
